running develop
Removing /home/nadeem/nana_project/nana_ws/install/nana_core/lib/python3.12/site-packages/nana-core.egg-link (link to .)
running egg_info
writing ../../build/nana_core/nana_core.egg-info/PKG-INFO
writing dependency_links to ../../build/nana_core/nana_core.egg-info/dependency_links.txt
writing entry points to ../../build/nana_core/nana_core.egg-info/entry_points.txt
writing requirements to ../../build/nana_core/nana_core.egg-info/requires.txt
writing top-level names to ../../build/nana_core/nana_core.egg-info/top_level.txt
reading manifest file '../../build/nana_core/nana_core.egg-info/SOURCES.txt'
writing manifest file '../../build/nana_core/nana_core.egg-info/SOURCES.txt'
running build
running build_py
running install
running install_lib
creating /home/nadeem/nana_project/nana_ws/install/nana_core/lib/python3.12/site-packages/nana_core
copying /home/nadeem/nana_project/nana_ws/build/nana_core/build/lib/nana_core/__init__.py -> /home/nadeem/nana_project/nana_ws/install/nana_core/lib/python3.12/site-packages/nana_core
copying /home/nadeem/nana_project/nana_ws/build/nana_core/build/lib/nana_core/armrpm_node.py -> /home/nadeem/nana_project/nana_ws/install/nana_core/lib/python3.12/site-packages/nana_core
copying /home/nadeem/nana_project/nana_ws/build/nana_core/build/lib/nana_core/mahorpm_node.py -> /home/nadeem/nana_project/nana_ws/install/nana_core/lib/python3.12/site-packages/nana_core
copying /home/nadeem/nana_project/nana_ws/build/nana_core/build/lib/nana_core/griprpm_node.py -> /home/nadeem/nana_project/nana_ws/install/nana_core/lib/python3.12/site-packages/nana_core
copying /home/nadeem/nana_project/nana_ws/build/nana_core/build/lib/nana_core/joystick_node.py -> /home/nadeem/nana_project/nana_ws/install/nana_core/lib/python3.12/site-packages/nana_core
copying /home/nadeem/nana_project/nana_ws/build/nana_core/build/lib/nana_core/apriltag_chanon.py -> /home/nadeem/nana_project/nana_ws/install/nana_core/lib/python3.12/site-packages/nana_core
copying /home/nadeem/nana_project/nana_ws/build/nana_core/build/lib/nana_core/driverpm_node.py -> /home/nadeem/nana_project/nana_ws/install/nana_core/lib/python3.12/site-packages/nana_core
copying /home/nadeem/nana_project/nana_ws/build/nana_core/build/lib/nana_core/plot_chanon.py -> /home/nadeem/nana_project/nana_ws/install/nana_core/lib/python3.12/site-packages/nana_core
byte-compiling /home/nadeem/nana_project/nana_ws/install/nana_core/lib/python3.12/site-packages/nana_core/__init__.py to __init__.cpython-312.pyc
byte-compiling /home/nadeem/nana_project/nana_ws/install/nana_core/lib/python3.12/site-packages/nana_core/armrpm_node.py to armrpm_node.cpython-312.pyc
byte-compiling /home/nadeem/nana_project/nana_ws/install/nana_core/lib/python3.12/site-packages/nana_core/mahorpm_node.py to mahorpm_node.cpython-312.pyc
byte-compiling /home/nadeem/nana_project/nana_ws/install/nana_core/lib/python3.12/site-packages/nana_core/griprpm_node.py to griprpm_node.cpython-312.pyc
byte-compiling /home/nadeem/nana_project/nana_ws/install/nana_core/lib/python3.12/site-packages/nana_core/joystick_node.py to joystick_node.cpython-312.pyc
byte-compiling /home/nadeem/nana_project/nana_ws/install/nana_core/lib/python3.12/site-packages/nana_core/apriltag_chanon.py to apriltag_chanon.cpython-312.pyc
byte-compiling /home/nadeem/nana_project/nana_ws/install/nana_core/lib/python3.12/site-packages/nana_core/driverpm_node.py to driverpm_node.cpython-312.pyc
byte-compiling /home/nadeem/nana_project/nana_ws/install/nana_core/lib/python3.12/site-packages/nana_core/plot_chanon.py to plot_chanon.cpython-312.pyc
running install_data
copying resource/nana_core -> /home/nadeem/nana_project/nana_ws/install/nana_core/share/ament_index/resource_index/packages
copying package.xml -> /home/nadeem/nana_project/nana_ws/install/nana_core/share/nana_core
copying launch/ joysticklaunch.launch.py -> /home/nadeem/nana_project/nana_ws/install/nana_core/share/nana_core/launch
running install_egg_info
Copying ../../build/nana_core/nana_core.egg-info to /home/nadeem/nana_project/nana_ws/install/nana_core/lib/python3.12/site-packages/nana_core-0.0.0-py3.12.egg-info
running install_scripts
Installing apriltag_chanon script to /home/nadeem/nana_project/nana_ws/install/nana_core/lib/nana_core
Installing armrpm_node script to /home/nadeem/nana_project/nana_ws/install/nana_core/lib/nana_core
Installing driverpm_node script to /home/nadeem/nana_project/nana_ws/install/nana_core/lib/nana_core
Installing griprpm_node script to /home/nadeem/nana_project/nana_ws/install/nana_core/lib/nana_core
Installing joystick_node script to /home/nadeem/nana_project/nana_ws/install/nana_core/lib/nana_core
Installing mahorpm_node script to /home/nadeem/nana_project/nana_ws/install/nana_core/lib/nana_core
Installing plot_chanon script to /home/nadeem/nana_project/nana_ws/install/nana_core/lib/nana_core
writing list of installed files to '/home/nadeem/nana_project/nana_ws/build/nana_core/install.log'
