[0.447s] Invoking command in '/home/nadeem/nana_project/nana_ws/src/nana_core': DEBUGINFOD_URLS=https://debuginfod.ubuntu.com PYTHONPATH=/home/nadeem/nana_project/nana_ws/build/nana_core/prefix_override:/usr/lib/python3/dist-packages/colcon_core/task/python/colcon_distutils_commands:/home/nadeem/nana_project/nana_ws/install/nana_core/lib/python3.12/site-packages:${PYTHONPATH} /usr/bin/python3 -W ignore:setup.py install is deprecated -W ignore:easy_install command is deprecated setup.py egg_info --egg-base ../../build/nana_core build --build-base /home/nadeem/nana_project/nana_ws/build/nana_core/build install --record /home/nadeem/nana_project/nana_ws/build/nana_core/install.log --single-version-externally-managed install_data
[0.607s] running egg_info
[0.616s] writing ../../build/nana_core/nana_core.egg-info/PKG-INFO
[0.616s] writing dependency_links to ../../build/nana_core/nana_core.egg-info/dependency_links.txt
[0.616s] writing entry points to ../../build/nana_core/nana_core.egg-info/entry_points.txt
[0.616s] writing requirements to ../../build/nana_core/nana_core.egg-info/requires.txt
[0.616s] writing top-level names to ../../build/nana_core/nana_core.egg-info/top_level.txt
[0.634s] reading manifest file '../../build/nana_core/nana_core.egg-info/SOURCES.txt'
[0.635s] writing manifest file '../../build/nana_core/nana_core.egg-info/SOURCES.txt'
[0.635s] running build
[0.635s] running build_py
[0.635s] copying nana_core/apriltag_cameraPI_pub.py -> /home/nadeem/nana_project/nana_ws/build/nana_core/build/lib/nana_core
[0.635s] copying nana_core/plot_cameraPI_pub.py -> /home/nadeem/nana_project/nana_ws/build/nana_core/build/lib/nana_core
[0.635s] copying nana_core/plot_detector_sub.py -> /home/nadeem/nana_project/nana_ws/build/nana_core/build/lib/nana_core
[0.636s] running install
[0.639s] running install_lib
[0.648s] copying /home/nadeem/nana_project/nana_ws/build/nana_core/build/lib/nana_core/apriltag_cameraPI_pub.py -> /home/nadeem/nana_project/nana_ws/install/nana_core/lib/python3.12/site-packages/nana_core
[0.649s] copying /home/nadeem/nana_project/nana_ws/build/nana_core/build/lib/nana_core/plot_cameraPI_pub.py -> /home/nadeem/nana_project/nana_ws/install/nana_core/lib/python3.12/site-packages/nana_core
[0.649s] copying /home/nadeem/nana_project/nana_ws/build/nana_core/build/lib/nana_core/plot_detector_sub.py -> /home/nadeem/nana_project/nana_ws/install/nana_core/lib/python3.12/site-packages/nana_core
[0.649s] byte-compiling /home/nadeem/nana_project/nana_ws/install/nana_core/lib/python3.12/site-packages/nana_core/apriltag_cameraPI_pub.py to apriltag_cameraPI_pub.cpython-312.pyc
[0.650s] byte-compiling /home/nadeem/nana_project/nana_ws/install/nana_core/lib/python3.12/site-packages/nana_core/plot_cameraPI_pub.py to plot_cameraPI_pub.cpython-312.pyc
[0.650s] byte-compiling /home/nadeem/nana_project/nana_ws/install/nana_core/lib/python3.12/site-packages/nana_core/plot_detector_sub.py to plot_detector_sub.cpython-312.pyc
[0.651s] running install_data
[0.651s] running install_egg_info
[0.661s] removing '/home/nadeem/nana_project/nana_ws/install/nana_core/lib/python3.12/site-packages/nana_core-0.0.0-py3.12.egg-info' (and everything under it)
[0.661s] Copying ../../build/nana_core/nana_core.egg-info to /home/nadeem/nana_project/nana_ws/install/nana_core/lib/python3.12/site-packages/nana_core-0.0.0-py3.12.egg-info
[0.662s] running install_scripts
[0.730s] Installing Orchestrator_node script to /home/nadeem/nana_project/nana_ws/install/nana_core/lib/nana_core
[0.730s] Installing apriltag_cameraPI_pub script to /home/nadeem/nana_project/nana_ws/install/nana_core/lib/nana_core
[0.730s] Installing apriltag_chanon script to /home/nadeem/nana_project/nana_ws/install/nana_core/lib/nana_core
[0.730s] Installing apriltag_detector_sub script to /home/nadeem/nana_project/nana_ws/install/nana_core/lib/nana_core
[0.731s] Installing armrpm_node script to /home/nadeem/nana_project/nana_ws/install/nana_core/lib/nana_core
[0.731s] Installing driverpm_node script to /home/nadeem/nana_project/nana_ws/install/nana_core/lib/nana_core
[0.731s] Installing griprpm_node script to /home/nadeem/nana_project/nana_ws/install/nana_core/lib/nana_core
[0.731s] Installing joystick_node script to /home/nadeem/nana_project/nana_ws/install/nana_core/lib/nana_core
[0.731s] Installing mahorpm_node script to /home/nadeem/nana_project/nana_ws/install/nana_core/lib/nana_core
[0.731s] Installing plot_cameraPI_pub script to /home/nadeem/nana_project/nana_ws/install/nana_core/lib/nana_core
[0.731s] Installing plot_chanon script to /home/nadeem/nana_project/nana_ws/install/nana_core/lib/nana_core
[0.731s] Installing plot_detector_sub script to /home/nadeem/nana_project/nana_ws/install/nana_core/lib/nana_core
[0.731s] writing list of installed files to '/home/nadeem/nana_project/nana_ws/build/nana_core/install.log'
[0.748s] Invoked command in '/home/nadeem/nana_project/nana_ws/src/nana_core' returned '0': DEBUGINFOD_URLS=https://debuginfod.ubuntu.com PYTHONPATH=/home/nadeem/nana_project/nana_ws/build/nana_core/prefix_override:/usr/lib/python3/dist-packages/colcon_core/task/python/colcon_distutils_commands:/home/nadeem/nana_project/nana_ws/install/nana_core/lib/python3.12/site-packages:${PYTHONPATH} /usr/bin/python3 -W ignore:setup.py install is deprecated -W ignore:easy_install command is deprecated setup.py egg_info --egg-base ../../build/nana_core build --build-base /home/nadeem/nana_project/nana_ws/build/nana_core/build install --record /home/nadeem/nana_project/nana_ws/build/nana_core/install.log --single-version-externally-managed install_data
