[0.873s] Invoking command in '/home/nadeem/nana_project/nana_ws/src/nana_core': DEBUGINFOD_URLS=https://debuginfod.ubuntu.com PYTHONPATH=/home/nadeem/nana_project/nana_ws/build/nana_core/prefix_override:/usr/lib/python3/dist-packages/colcon_core/task/python/colcon_distutils_commands:/home/nadeem/nana_project/nana_ws/install/nana_core/lib/python3.12/site-packages:${PYTHONPATH} /usr/bin/python3 -W ignore:setup.py install is deprecated -W ignore:easy_install command is deprecated setup.py egg_info --egg-base ../../build/nana_core build --build-base /home/nadeem/nana_project/nana_ws/build/nana_core/build install --record /home/nadeem/nana_project/nana_ws/build/nana_core/install.log --single-version-externally-managed install_data
[1.025s] running egg_info
[1.036s] writing ../../build/nana_core/nana_core.egg-info/PKG-INFO
[1.037s] writing dependency_links to ../../build/nana_core/nana_core.egg-info/dependency_links.txt
[1.037s] writing entry points to ../../build/nana_core/nana_core.egg-info/entry_points.txt
[1.037s] writing requirements to ../../build/nana_core/nana_core.egg-info/requires.txt
[1.037s] writing top-level names to ../../build/nana_core/nana_core.egg-info/top_level.txt
[1.058s] reading manifest file '../../build/nana_core/nana_core.egg-info/SOURCES.txt'
[1.058s] writing manifest file '../../build/nana_core/nana_core.egg-info/SOURCES.txt'
[1.058s] running build
[1.058s] running build_py
[1.059s] copying nana_core/driverpm_node.py -> /home/nadeem/nana_project/nana_ws/build/nana_core/build/lib/nana_core
[1.059s] running install
[1.063s] running install_lib
[1.072s] copying /home/nadeem/nana_project/nana_ws/build/nana_core/build/lib/nana_core/driverpm_node.py -> /home/nadeem/nana_project/nana_ws/install/nana_core/lib/python3.12/site-packages/nana_core
[1.072s] byte-compiling /home/nadeem/nana_project/nana_ws/install/nana_core/lib/python3.12/site-packages/nana_core/driverpm_node.py to driverpm_node.cpython-312.pyc
[1.073s] running install_data
[1.073s] running install_egg_info
[1.083s] removing '/home/nadeem/nana_project/nana_ws/install/nana_core/lib/python3.12/site-packages/nana_core-0.0.0-py3.12.egg-info' (and everything under it)
[1.083s] Copying ../../build/nana_core/nana_core.egg-info to /home/nadeem/nana_project/nana_ws/install/nana_core/lib/python3.12/site-packages/nana_core-0.0.0-py3.12.egg-info
[1.084s] running install_scripts
[1.167s] Installing armrpm_node script to /home/nadeem/nana_project/nana_ws/install/nana_core/lib/nana_core
[1.167s] Installing driverpm_node script to /home/nadeem/nana_project/nana_ws/install/nana_core/lib/nana_core
[1.167s] Installing griprpm_node script to /home/nadeem/nana_project/nana_ws/install/nana_core/lib/nana_core
[1.167s] Installing joystick_node script to /home/nadeem/nana_project/nana_ws/install/nana_core/lib/nana_core
[1.167s] Installing mahorpm_node script to /home/nadeem/nana_project/nana_ws/install/nana_core/lib/nana_core
[1.168s] writing list of installed files to '/home/nadeem/nana_project/nana_ws/build/nana_core/install.log'
[1.206s] Invoked command in '/home/nadeem/nana_project/nana_ws/src/nana_core' returned '0': DEBUGINFOD_URLS=https://debuginfod.ubuntu.com PYTHONPATH=/home/nadeem/nana_project/nana_ws/build/nana_core/prefix_override:/usr/lib/python3/dist-packages/colcon_core/task/python/colcon_distutils_commands:/home/nadeem/nana_project/nana_ws/install/nana_core/lib/python3.12/site-packages:${PYTHONPATH} /usr/bin/python3 -W ignore:setup.py install is deprecated -W ignore:easy_install command is deprecated setup.py egg_info --egg-base ../../build/nana_core build --build-base /home/nadeem/nana_project/nana_ws/build/nana_core/build install --record /home/nadeem/nana_project/nana_ws/build/nana_core/install.log --single-version-externally-managed install_data
