[0.743s] Invoking command in '/home/nadeem/nana_project/nana_ws/src/nana_core': DEBUGINFOD_URLS=https://debuginfod.ubuntu.com PYTHONPATH=/home/nadeem/nana_project/nana_ws/build/nana_core/prefix_override:/usr/lib/python3/dist-packages/colcon_core/task/python/colcon_distutils_commands:/home/nadeem/nana_project/nana_ws/install/nana_core/lib/python3.12/site-packages:${PYTHONPATH} /usr/bin/python3 -W ignore:setup.py install is deprecated -W ignore:easy_install command is deprecated setup.py egg_info --egg-base ../../build/nana_core build --build-base /home/nadeem/nana_project/nana_ws/build/nana_core/build install --record /home/nadeem/nana_project/nana_ws/build/nana_core/install.log --single-version-externally-managed install_data
[0.890s] running egg_info
[0.899s] writing ../../build/nana_core/nana_core.egg-info/PKG-INFO
[0.899s] writing dependency_links to ../../build/nana_core/nana_core.egg-info/dependency_links.txt
[0.900s] writing entry points to ../../build/nana_core/nana_core.egg-info/entry_points.txt
[0.900s] writing requirements to ../../build/nana_core/nana_core.egg-info/requires.txt
[0.900s] writing top-level names to ../../build/nana_core/nana_core.egg-info/top_level.txt
[0.922s] reading manifest file '../../build/nana_core/nana_core.egg-info/SOURCES.txt'
[0.923s] writing manifest file '../../build/nana_core/nana_core.egg-info/SOURCES.txt'
[0.923s] running build
[0.923s] running build_py
[0.924s] copying nana_core/driverpm_node.py -> /home/nadeem/nana_project/nana_ws/build/nana_core/build/lib/nana_core
[0.924s] running install
[0.928s] running install_lib
[0.938s] copying /home/nadeem/nana_project/nana_ws/build/nana_core/build/lib/nana_core/driverpm_node.py -> /home/nadeem/nana_project/nana_ws/install/nana_core/lib/python3.12/site-packages/nana_core
[0.938s] byte-compiling /home/nadeem/nana_project/nana_ws/install/nana_core/lib/python3.12/site-packages/nana_core/driverpm_node.py to driverpm_node.cpython-312.pyc
[0.939s] running install_data
[0.939s] running install_egg_info
[0.950s] removing '/home/nadeem/nana_project/nana_ws/install/nana_core/lib/python3.12/site-packages/nana_core-0.0.0-py3.12.egg-info' (and everything under it)
[0.951s] Copying ../../build/nana_core/nana_core.egg-info to /home/nadeem/nana_project/nana_ws/install/nana_core/lib/python3.12/site-packages/nana_core-0.0.0-py3.12.egg-info
[0.951s] running install_scripts
[1.036s] Installing armrpm_node script to /home/nadeem/nana_project/nana_ws/install/nana_core/lib/nana_core
[1.036s] Installing driverpm_node script to /home/nadeem/nana_project/nana_ws/install/nana_core/lib/nana_core
[1.036s] Installing griprpm_node script to /home/nadeem/nana_project/nana_ws/install/nana_core/lib/nana_core
[1.036s] Installing joystick_node script to /home/nadeem/nana_project/nana_ws/install/nana_core/lib/nana_core
[1.037s] Installing mahorpm_node script to /home/nadeem/nana_project/nana_ws/install/nana_core/lib/nana_core
[1.037s] writing list of installed files to '/home/nadeem/nana_project/nana_ws/build/nana_core/install.log'
[1.065s] Invoked command in '/home/nadeem/nana_project/nana_ws/src/nana_core' returned '0': DEBUGINFOD_URLS=https://debuginfod.ubuntu.com PYTHONPATH=/home/nadeem/nana_project/nana_ws/build/nana_core/prefix_override:/usr/lib/python3/dist-packages/colcon_core/task/python/colcon_distutils_commands:/home/nadeem/nana_project/nana_ws/install/nana_core/lib/python3.12/site-packages:${PYTHONPATH} /usr/bin/python3 -W ignore:setup.py install is deprecated -W ignore:easy_install command is deprecated setup.py egg_info --egg-base ../../build/nana_core build --build-base /home/nadeem/nana_project/nana_ws/build/nana_core/build install --record /home/nadeem/nana_project/nana_ws/build/nana_core/install.log --single-version-externally-managed install_data
