[1.503s] Invoking command in '/home/nadeem/nana_project/nana_ws/src/nana_core': DEBUGINFOD_URLS=https://debuginfod.ubuntu.com PYTHONPATH=/home/nadeem/nana_project/nana_ws/build/nana_core/prefix_override:/usr/lib/python3/dist-packages/colcon_core/task/python/colcon_distutils_commands:/home/nadeem/nana_project/nana_ws/install/nana_core/lib/python3.12/site-packages:${PYTHONPATH} /usr/bin/python3 -W ignore:setup.py install is deprecated -W ignore:easy_install command is deprecated setup.py egg_info --egg-base ../../build/nana_core build --build-base /home/nadeem/nana_project/nana_ws/build/nana_core/build install --record /home/nadeem/nana_project/nana_ws/build/nana_core/install.log --single-version-externally-managed install_data
[1.654s] running egg_info
[1.663s] writing ../../build/nana_core/nana_core.egg-info/PKG-INFO
[1.663s] writing dependency_links to ../../build/nana_core/nana_core.egg-info/dependency_links.txt
[1.664s] writing entry points to ../../build/nana_core/nana_core.egg-info/entry_points.txt
[1.664s] writing requirements to ../../build/nana_core/nana_core.egg-info/requires.txt
[1.664s] writing top-level names to ../../build/nana_core/nana_core.egg-info/top_level.txt
[1.685s] reading manifest file '../../build/nana_core/nana_core.egg-info/SOURCES.txt'
[1.686s] writing manifest file '../../build/nana_core/nana_core.egg-info/SOURCES.txt'
[1.686s] running build
[1.686s] running build_py
[1.686s] running install
[1.691s] running install_lib
[1.701s] running install_data
[1.702s] running install_egg_info
[1.714s] removing '/home/nadeem/nana_project/nana_ws/install/nana_core/lib/python3.12/site-packages/nana_core-0.0.0-py3.12.egg-info' (and everything under it)
[1.715s] Copying ../../build/nana_core/nana_core.egg-info to /home/nadeem/nana_project/nana_ws/install/nana_core/lib/python3.12/site-packages/nana_core-0.0.0-py3.12.egg-info
[1.716s] running install_scripts
[1.802s] Installing Orchestrator_node script to /home/nadeem/nana_project/nana_ws/install/nana_core/lib/nana_core
[1.802s] Installing Orchestrator_node2 script to /home/nadeem/nana_project/nana_ws/install/nana_core/lib/nana_core
[1.802s] Installing apriltag_cameraPI_pub script to /home/nadeem/nana_project/nana_ws/install/nana_core/lib/nana_core
[1.802s] Installing apriltag_cameraPI_pub2 script to /home/nadeem/nana_project/nana_ws/install/nana_core/lib/nana_core
[1.802s] Installing apriltag_chanon script to /home/nadeem/nana_project/nana_ws/install/nana_core/lib/nana_core
[1.802s] Installing apriltag_detector_sub script to /home/nadeem/nana_project/nana_ws/install/nana_core/lib/nana_core
[1.802s] Installing apriltag_detector_sub2 script to /home/nadeem/nana_project/nana_ws/install/nana_core/lib/nana_core
[1.802s] Installing armrpm_node script to /home/nadeem/nana_project/nana_ws/install/nana_core/lib/nana_core
[1.802s] Installing driverpm_node script to /home/nadeem/nana_project/nana_ws/install/nana_core/lib/nana_core
[1.802s] Installing griprpm_node script to /home/nadeem/nana_project/nana_ws/install/nana_core/lib/nana_core
[1.802s] Installing joystick_node script to /home/nadeem/nana_project/nana_ws/install/nana_core/lib/nana_core
[1.802s] Installing mahorpm_node script to /home/nadeem/nana_project/nana_ws/install/nana_core/lib/nana_core
[1.802s] Installing plot_cameraPI_pub script to /home/nadeem/nana_project/nana_ws/install/nana_core/lib/nana_core
[1.803s] Installing plot_chanon script to /home/nadeem/nana_project/nana_ws/install/nana_core/lib/nana_core
[1.803s] Installing plot_detector_sub script to /home/nadeem/nana_project/nana_ws/install/nana_core/lib/nana_core
[1.803s] writing list of installed files to '/home/nadeem/nana_project/nana_ws/build/nana_core/install.log'
[1.840s] Invoked command in '/home/nadeem/nana_project/nana_ws/src/nana_core' returned '0': DEBUGINFOD_URLS=https://debuginfod.ubuntu.com PYTHONPATH=/home/nadeem/nana_project/nana_ws/build/nana_core/prefix_override:/usr/lib/python3/dist-packages/colcon_core/task/python/colcon_distutils_commands:/home/nadeem/nana_project/nana_ws/install/nana_core/lib/python3.12/site-packages:${PYTHONPATH} /usr/bin/python3 -W ignore:setup.py install is deprecated -W ignore:easy_install command is deprecated setup.py egg_info --egg-base ../../build/nana_core build --build-base /home/nadeem/nana_project/nana_ws/build/nana_core/build install --record /home/nadeem/nana_project/nana_ws/build/nana_core/install.log --single-version-externally-managed install_data
