[0.559s] Invoking command in '/home/nadeem/nana_project/nana_ws/src/nana_core': DEBUGINFOD_URLS=https://debuginfod.ubuntu.com PYTHONPATH=/home/nadeem/nana_project/nana_ws/build/nana_core/prefix_override:/usr/lib/python3/dist-packages/colcon_core/task/python/colcon_distutils_commands:/home/nadeem/nana_project/nana_ws/install/nana_core/lib/python3.12/site-packages:${PYTHONPATH} /usr/bin/python3 -W ignore:setup.py install is deprecated -W ignore:easy_install command is deprecated setup.py egg_info --egg-base ../../build/nana_core build --build-base /home/nadeem/nana_project/nana_ws/build/nana_core/build install --record /home/nadeem/nana_project/nana_ws/build/nana_core/install.log --single-version-externally-managed install_data
[0.695s] running egg_info
[0.705s] writing ../../build/nana_core/nana_core.egg-info/PKG-INFO
[0.705s] writing dependency_links to ../../build/nana_core/nana_core.egg-info/dependency_links.txt
[0.706s] writing requirements to ../../build/nana_core/nana_core.egg-info/requires.txt
[0.706s] writing top-level names to ../../build/nana_core/nana_core.egg-info/top_level.txt
[0.723s] reading manifest file '../../build/nana_core/nana_core.egg-info/SOURCES.txt'
[0.724s] writing manifest file '../../build/nana_core/nana_core.egg-info/SOURCES.txt'
[0.724s] running build
[0.724s] running build_py
[0.725s] copying nana_core/__init__.py -> /home/nadeem/nana_project/nana_ws/build/nana_core/build/lib/nana_core
[0.725s] copying nana_core/joystick_node.py -> /home/nadeem/nana_project/nana_ws/build/nana_core/build/lib/nana_core
[0.725s] copying nana_core/driverpm_node.py -> /home/nadeem/nana_project/nana_ws/build/nana_core/build/lib/nana_core
[0.725s] running install
[0.729s] running install_lib
[0.737s] copying /home/nadeem/nana_project/nana_ws/build/nana_core/build/lib/nana_core/__init__.py -> /home/nadeem/nana_project/nana_ws/install/nana_core/lib/python3.12/site-packages/nana_core
[0.738s] copying /home/nadeem/nana_project/nana_ws/build/nana_core/build/lib/nana_core/joystick_node.py -> /home/nadeem/nana_project/nana_ws/install/nana_core/lib/python3.12/site-packages/nana_core
[0.738s] copying /home/nadeem/nana_project/nana_ws/build/nana_core/build/lib/nana_core/driverpm_node.py -> /home/nadeem/nana_project/nana_ws/install/nana_core/lib/python3.12/site-packages/nana_core
[0.738s] byte-compiling /home/nadeem/nana_project/nana_ws/install/nana_core/lib/python3.12/site-packages/nana_core/__init__.py to __init__.cpython-312.pyc
[0.738s] byte-compiling /home/nadeem/nana_project/nana_ws/install/nana_core/lib/python3.12/site-packages/nana_core/joystick_node.py to joystick_node.cpython-312.pyc
[0.739s] byte-compiling /home/nadeem/nana_project/nana_ws/install/nana_core/lib/python3.12/site-packages/nana_core/driverpm_node.py to driverpm_node.cpython-312.pyc
[0.739s] running install_data
[0.739s] copying resource/nana_core -> /home/nadeem/nana_project/nana_ws/install/nana_core/share/ament_index/resource_index/packages
[0.739s] copying package.xml -> /home/nadeem/nana_project/nana_ws/install/nana_core/share/nana_core
[0.739s] running install_egg_info
[0.749s] removing '/home/nadeem/nana_project/nana_ws/install/nana_core/lib/python3.12/site-packages/nana_core-0.0.0-py3.12.egg-info' (and everything under it)
[0.749s] Copying ../../build/nana_core/nana_core.egg-info to /home/nadeem/nana_project/nana_ws/install/nana_core/lib/python3.12/site-packages/nana_core-0.0.0-py3.12.egg-info
[0.749s] running install_scripts
[0.815s] writing list of installed files to '/home/nadeem/nana_project/nana_ws/build/nana_core/install.log'
[0.832s] Invoked command in '/home/nadeem/nana_project/nana_ws/src/nana_core' returned '0': DEBUGINFOD_URLS=https://debuginfod.ubuntu.com PYTHONPATH=/home/nadeem/nana_project/nana_ws/build/nana_core/prefix_override:/usr/lib/python3/dist-packages/colcon_core/task/python/colcon_distutils_commands:/home/nadeem/nana_project/nana_ws/install/nana_core/lib/python3.12/site-packages:${PYTHONPATH} /usr/bin/python3 -W ignore:setup.py install is deprecated -W ignore:easy_install command is deprecated setup.py egg_info --egg-base ../../build/nana_core build --build-base /home/nadeem/nana_project/nana_ws/build/nana_core/build install --record /home/nadeem/nana_project/nana_ws/build/nana_core/install.log --single-version-externally-managed install_data
