[0.970s] Invoking command in '/home/nadeem/nana_project/nana_ws/src/nana_core': DEBUGINFOD_URLS=https://debuginfod.ubuntu.com PYTHONPATH=/home/nadeem/nana_project/nana_ws/build/nana_core/prefix_override:/usr/lib/python3/dist-packages/colcon_core/task/python/colcon_distutils_commands:/home/nadeem/nana_project/nana_ws/install/nana_core/lib/python3.12/site-packages:${PYTHONPATH} /usr/bin/python3 -W ignore:setup.py install is deprecated -W ignore:easy_install command is deprecated setup.py egg_info --egg-base ../../build/nana_core build --build-base /home/nadeem/nana_project/nana_ws/build/nana_core/build install --record /home/nadeem/nana_project/nana_ws/build/nana_core/install.log --single-version-externally-managed install_data
[1.264s] running egg_info
[1.282s] writing ../../build/nana_core/nana_core.egg-info/PKG-INFO
[1.282s] writing dependency_links to ../../build/nana_core/nana_core.egg-info/dependency_links.txt
[1.282s] writing entry points to ../../build/nana_core/nana_core.egg-info/entry_points.txt
[1.283s] writing requirements to ../../build/nana_core/nana_core.egg-info/requires.txt
[1.283s] writing top-level names to ../../build/nana_core/nana_core.egg-info/top_level.txt
[1.320s] reading manifest file '../../build/nana_core/nana_core.egg-info/SOURCES.txt'
[1.321s] writing manifest file '../../build/nana_core/nana_core.egg-info/SOURCES.txt'
[1.322s] running build
[1.322s] running build_py
[1.322s] copying nana_core/joystick_node.py -> /home/nadeem/nana_project/nana_ws/build/nana_core/build/lib/nana_core
[1.322s] running install
[1.330s] running install_lib
[1.350s] copying /home/nadeem/nana_project/nana_ws/build/nana_core/build/lib/nana_core/joystick_node.py -> /home/nadeem/nana_project/nana_ws/install/nana_core/lib/python3.12/site-packages/nana_core
[1.351s] byte-compiling /home/nadeem/nana_project/nana_ws/install/nana_core/lib/python3.12/site-packages/nana_core/joystick_node.py to joystick_node.cpython-312.pyc
[1.352s] running install_data
[1.352s] running install_egg_info
[1.372s] removing '/home/nadeem/nana_project/nana_ws/install/nana_core/lib/python3.12/site-packages/nana_core-0.0.0-py3.12.egg-info' (and everything under it)
[1.373s] Copying ../../build/nana_core/nana_core.egg-info to /home/nadeem/nana_project/nana_ws/install/nana_core/lib/python3.12/site-packages/nana_core-0.0.0-py3.12.egg-info
[1.374s] running install_scripts
[1.523s] Installing armrpm_node script to /home/nadeem/nana_project/nana_ws/install/nana_core/lib/nana_core
[1.524s] Installing driverpm_node script to /home/nadeem/nana_project/nana_ws/install/nana_core/lib/nana_core
[1.524s] Installing joystick_node script to /home/nadeem/nana_project/nana_ws/install/nana_core/lib/nana_core
[1.524s] writing list of installed files to '/home/nadeem/nana_project/nana_ws/build/nana_core/install.log'
[1.578s] Invoked command in '/home/nadeem/nana_project/nana_ws/src/nana_core' returned '0': DEBUGINFOD_URLS=https://debuginfod.ubuntu.com PYTHONPATH=/home/nadeem/nana_project/nana_ws/build/nana_core/prefix_override:/usr/lib/python3/dist-packages/colcon_core/task/python/colcon_distutils_commands:/home/nadeem/nana_project/nana_ws/install/nana_core/lib/python3.12/site-packages:${PYTHONPATH} /usr/bin/python3 -W ignore:setup.py install is deprecated -W ignore:easy_install command is deprecated setup.py egg_info --egg-base ../../build/nana_core build --build-base /home/nadeem/nana_project/nana_ws/build/nana_core/build install --record /home/nadeem/nana_project/nana_ws/build/nana_core/install.log --single-version-externally-managed install_data
