[0.996s] Invoking command in '/home/nadeem/nana_project/nana_ws/src/nana_core': DEBUGINFOD_URLS=https://debuginfod.ubuntu.com PYTHONPATH=/home/nadeem/nana_project/nana_ws/build/nana_core/prefix_override:/usr/lib/python3/dist-packages/colcon_core/task/python/colcon_distutils_commands:/home/nadeem/nana_project/nana_ws/install/nana_core/lib/python3.12/site-packages:${PYTHONPATH} /usr/bin/python3 -W ignore:setup.py install is deprecated -W ignore:easy_install command is deprecated setup.py egg_info --egg-base ../../build/nana_core build --build-base /home/nadeem/nana_project/nana_ws/build/nana_core/build install --record /home/nadeem/nana_project/nana_ws/build/nana_core/install.log --single-version-externally-managed install_data
[1.183s] running egg_info
[1.197s] writing ../../build/nana_core/nana_core.egg-info/PKG-INFO
[1.197s] writing dependency_links to ../../build/nana_core/nana_core.egg-info/dependency_links.txt
[1.197s] writing entry points to ../../build/nana_core/nana_core.egg-info/entry_points.txt
[1.198s] writing requirements to ../../build/nana_core/nana_core.egg-info/requires.txt
[1.198s] writing top-level names to ../../build/nana_core/nana_core.egg-info/top_level.txt
[1.220s] reading manifest file '../../build/nana_core/nana_core.egg-info/SOURCES.txt'
[1.220s] writing manifest file '../../build/nana_core/nana_core.egg-info/SOURCES.txt'
[1.220s] running build
[1.221s] running build_py
[1.221s] copying nana_core/armrpm_node.py -> /home/nadeem/nana_project/nana_ws/build/nana_core/build/lib/nana_core
[1.221s] copying nana_core/mahorpm_node.py -> /home/nadeem/nana_project/nana_ws/build/nana_core/build/lib/nana_core
[1.221s] running install
[1.225s] running install_lib
[1.237s] copying /home/nadeem/nana_project/nana_ws/build/nana_core/build/lib/nana_core/armrpm_node.py -> /home/nadeem/nana_project/nana_ws/install/nana_core/lib/python3.12/site-packages/nana_core
[1.237s] copying /home/nadeem/nana_project/nana_ws/build/nana_core/build/lib/nana_core/mahorpm_node.py -> /home/nadeem/nana_project/nana_ws/install/nana_core/lib/python3.12/site-packages/nana_core
[1.238s] byte-compiling /home/nadeem/nana_project/nana_ws/install/nana_core/lib/python3.12/site-packages/nana_core/armrpm_node.py to armrpm_node.cpython-312.pyc
[1.238s] byte-compiling /home/nadeem/nana_project/nana_ws/install/nana_core/lib/python3.12/site-packages/nana_core/mahorpm_node.py to mahorpm_node.cpython-312.pyc
[1.239s] running install_data
[1.239s] running install_egg_info
[1.250s] removing '/home/nadeem/nana_project/nana_ws/install/nana_core/lib/python3.12/site-packages/nana_core-0.0.0-py3.12.egg-info' (and everything under it)
[1.250s] Copying ../../build/nana_core/nana_core.egg-info to /home/nadeem/nana_project/nana_ws/install/nana_core/lib/python3.12/site-packages/nana_core-0.0.0-py3.12.egg-info
[1.251s] running install_scripts
[1.332s] Installing armrpm_node script to /home/nadeem/nana_project/nana_ws/install/nana_core/lib/nana_core
[1.332s] Installing driverpm_node script to /home/nadeem/nana_project/nana_ws/install/nana_core/lib/nana_core
[1.332s] Installing joystick_node script to /home/nadeem/nana_project/nana_ws/install/nana_core/lib/nana_core
[1.332s] Installing mahorpm_node script to /home/nadeem/nana_project/nana_ws/install/nana_core/lib/nana_core
[1.332s] writing list of installed files to '/home/nadeem/nana_project/nana_ws/build/nana_core/install.log'
[1.365s] Invoked command in '/home/nadeem/nana_project/nana_ws/src/nana_core' returned '0': DEBUGINFOD_URLS=https://debuginfod.ubuntu.com PYTHONPATH=/home/nadeem/nana_project/nana_ws/build/nana_core/prefix_override:/usr/lib/python3/dist-packages/colcon_core/task/python/colcon_distutils_commands:/home/nadeem/nana_project/nana_ws/install/nana_core/lib/python3.12/site-packages:${PYTHONPATH} /usr/bin/python3 -W ignore:setup.py install is deprecated -W ignore:easy_install command is deprecated setup.py egg_info --egg-base ../../build/nana_core build --build-base /home/nadeem/nana_project/nana_ws/build/nana_core/build install --record /home/nadeem/nana_project/nana_ws/build/nana_core/install.log --single-version-externally-managed install_data
