[0.506s] Invoking command in '/home/nadeem/nana_project/nana_ws/src/nana_core': DEBUGINFOD_URLS=https://debuginfod.ubuntu.com PYTHONPATH=/home/nadeem/nana_project/nana_ws/build/nana_core/prefix_override:/usr/lib/python3/dist-packages/colcon_core/task/python/colcon_distutils_commands:/home/nadeem/nana_project/nana_ws/install/nana_core/lib/python3.12/site-packages:${PYTHONPATH} /usr/bin/python3 -W ignore:setup.py install is deprecated -W ignore:easy_install command is deprecated setup.py egg_info --egg-base ../../build/nana_core build --build-base /home/nadeem/nana_project/nana_ws/build/nana_core/build install --record /home/nadeem/nana_project/nana_ws/build/nana_core/install.log --single-version-externally-managed install_data
[0.675s] running egg_info
[0.684s] writing ../../build/nana_core/nana_core.egg-info/PKG-INFO
[0.684s] writing dependency_links to ../../build/nana_core/nana_core.egg-info/dependency_links.txt
[0.684s] writing entry points to ../../build/nana_core/nana_core.egg-info/entry_points.txt
[0.684s] writing requirements to ../../build/nana_core/nana_core.egg-info/requires.txt
[0.684s] writing top-level names to ../../build/nana_core/nana_core.egg-info/top_level.txt
[0.705s] reading manifest file '../../build/nana_core/nana_core.egg-info/SOURCES.txt'
[0.706s] writing manifest file '../../build/nana_core/nana_core.egg-info/SOURCES.txt'
[0.706s] running build
[0.706s] running build_py
[0.706s] copying nana_core/plot_chanon.py -> /home/nadeem/nana_project/nana_ws/build/nana_core/build/lib/nana_core
[0.707s] running install
[0.710s] running install_lib
[0.720s] copying /home/nadeem/nana_project/nana_ws/build/nana_core/build/lib/nana_core/plot_chanon.py -> /home/nadeem/nana_project/nana_ws/install/nana_core/lib/python3.12/site-packages/nana_core
[0.720s] byte-compiling /home/nadeem/nana_project/nana_ws/install/nana_core/lib/python3.12/site-packages/nana_core/plot_chanon.py to plot_chanon.cpython-312.pyc
[0.721s] running install_data
[0.721s] running install_egg_info
[0.732s] removing '/home/nadeem/nana_project/nana_ws/install/nana_core/lib/python3.12/site-packages/nana_core-0.0.0-py3.12.egg-info' (and everything under it)
[0.732s] Copying ../../build/nana_core/nana_core.egg-info to /home/nadeem/nana_project/nana_ws/install/nana_core/lib/python3.12/site-packages/nana_core-0.0.0-py3.12.egg-info
[0.733s] running install_scripts
[0.810s] Installing Orchestrator_node script to /home/nadeem/nana_project/nana_ws/install/nana_core/lib/nana_core
[0.810s] Installing apriltag_chanon script to /home/nadeem/nana_project/nana_ws/install/nana_core/lib/nana_core
[0.811s] Installing armrpm_node script to /home/nadeem/nana_project/nana_ws/install/nana_core/lib/nana_core
[0.811s] Installing driverpm_node script to /home/nadeem/nana_project/nana_ws/install/nana_core/lib/nana_core
[0.811s] Installing griprpm_node script to /home/nadeem/nana_project/nana_ws/install/nana_core/lib/nana_core
[0.811s] Installing joystick_node script to /home/nadeem/nana_project/nana_ws/install/nana_core/lib/nana_core
[0.811s] Installing mahorpm_node script to /home/nadeem/nana_project/nana_ws/install/nana_core/lib/nana_core
[0.811s] Installing plot_chanon script to /home/nadeem/nana_project/nana_ws/install/nana_core/lib/nana_core
[0.811s] writing list of installed files to '/home/nadeem/nana_project/nana_ws/build/nana_core/install.log'
[0.840s] Invoked command in '/home/nadeem/nana_project/nana_ws/src/nana_core' returned '0': DEBUGINFOD_URLS=https://debuginfod.ubuntu.com PYTHONPATH=/home/nadeem/nana_project/nana_ws/build/nana_core/prefix_override:/usr/lib/python3/dist-packages/colcon_core/task/python/colcon_distutils_commands:/home/nadeem/nana_project/nana_ws/install/nana_core/lib/python3.12/site-packages:${PYTHONPATH} /usr/bin/python3 -W ignore:setup.py install is deprecated -W ignore:easy_install command is deprecated setup.py egg_info --egg-base ../../build/nana_core build --build-base /home/nadeem/nana_project/nana_ws/build/nana_core/build install --record /home/nadeem/nana_project/nana_ws/build/nana_core/install.log --single-version-externally-managed install_data
