[0.523s] Invoking command in '/home/nadeem/nana_project/nana_ws/build/nana_core': DEBUGINFOD_URLS=https://debuginfod.ubuntu.com PS1=(.venv) \[\e]0;\u@\h: \w\a\]${debian_chroot:+($debian_chroot)}\[\033[01;32m\]\u@\h\[\033[00m\]:\[\033[01;34m\]\w\[\033[00m\]\$ PYTHONPATH=/home/nadeem/nana_project/nana_ws/build/nana_core/prefix_override:/usr/lib/python3/dist-packages/colcon_core/task/python/colcon_distutils_commands:/home/nadeem/nana_project/nana_ws/install/nana_core/lib/python3.12/site-packages:${PYTHONPATH} VIRTUAL_ENV_PROMPT=(.venv) /usr/bin/python3 -W ignore:setup.py install is deprecated -W ignore:easy_install command is deprecated setup.py develop --editable --build-directory /home/nadeem/nana_project/nana_ws/build/nana_core/build --no-deps symlink_data
[0.700s] running develop
[0.796s] running egg_info
[0.807s] writing nana_core.egg-info/PKG-INFO
[0.808s] writing dependency_links to nana_core.egg-info/dependency_links.txt
[0.808s] writing entry points to nana_core.egg-info/entry_points.txt
[0.808s] writing requirements to nana_core.egg-info/requires.txt
[0.808s] writing top-level names to nana_core.egg-info/top_level.txt
[0.825s] reading manifest file 'nana_core.egg-info/SOURCES.txt'
[0.826s] writing manifest file 'nana_core.egg-info/SOURCES.txt'
[0.835s] running build_ext
[0.835s] Creating /home/nadeem/nana_project/nana_ws/install/nana_core/lib/python3.12/site-packages/nana-core.egg-link (link to .)
[0.836s] Installing apriltag_chanon script to /home/nadeem/nana_project/nana_ws/install/nana_core/lib/nana_core
[0.836s] Installing armrpm_node script to /home/nadeem/nana_project/nana_ws/install/nana_core/lib/nana_core
[0.836s] Installing driverpm_node script to /home/nadeem/nana_project/nana_ws/install/nana_core/lib/nana_core
[0.836s] Installing griprpm_node script to /home/nadeem/nana_project/nana_ws/install/nana_core/lib/nana_core
[0.836s] Installing joystick_node script to /home/nadeem/nana_project/nana_ws/install/nana_core/lib/nana_core
[0.836s] Installing mahorpm_node script to /home/nadeem/nana_project/nana_ws/install/nana_core/lib/nana_core
[0.837s] Installing plot_chanon script to /home/nadeem/nana_project/nana_ws/install/nana_core/lib/nana_core
[0.837s] 
[0.837s] Installed /home/nadeem/nana_project/nana_ws/build/nana_core
[0.837s] running symlink_data
[0.868s] Invoked command in '/home/nadeem/nana_project/nana_ws/build/nana_core' returned '0': DEBUGINFOD_URLS=https://debuginfod.ubuntu.com PS1=(.venv) \[\e]0;\u@\h: \w\a\]${debian_chroot:+($debian_chroot)}\[\033[01;32m\]\u@\h\[\033[00m\]:\[\033[01;34m\]\w\[\033[00m\]\$ PYTHONPATH=/home/nadeem/nana_project/nana_ws/build/nana_core/prefix_override:/usr/lib/python3/dist-packages/colcon_core/task/python/colcon_distutils_commands:/home/nadeem/nana_project/nana_ws/install/nana_core/lib/python3.12/site-packages:${PYTHONPATH} VIRTUAL_ENV_PROMPT=(.venv) /usr/bin/python3 -W ignore:setup.py install is deprecated -W ignore:easy_install command is deprecated setup.py develop --editable --build-directory /home/nadeem/nana_project/nana_ws/build/nana_core/build --no-deps symlink_data
