/home/nadeem/nana_project/nana_ws/install/nana_core/lib/python3.12/site-packages/nana_core/__init__.py
/home/nadeem/nana_project/nana_ws/install/nana_core/lib/python3.12/site-packages/nana_core/armrpm_node.py
/home/nadeem/nana_project/nana_ws/install/nana_core/lib/python3.12/site-packages/nana_core/mahorpm_node.py
/home/nadeem/nana_project/nana_ws/install/nana_core/lib/python3.12/site-packages/nana_core/Orchestrator_node2.py
/home/nadeem/nana_project/nana_ws/install/nana_core/lib/python3.12/site-packages/nana_core/griprpm_node.py
/home/nadeem/nana_project/nana_ws/install/nana_core/lib/python3.12/site-packages/nana_core/joystick_node.py
/home/nadeem/nana_project/nana_ws/install/nana_core/lib/python3.12/site-packages/nana_core/apriltag_cameraPI_pub.py
/home/nadeem/nana_project/nana_ws/install/nana_core/lib/python3.12/site-packages/nana_core/plot_cameraPI_pub.py
/home/nadeem/nana_project/nana_ws/install/nana_core/lib/python3.12/site-packages/nana_core/plot_detector_sub.py
/home/nadeem/nana_project/nana_ws/install/nana_core/lib/python3.12/site-packages/nana_core/apriltag_cameraPI_pub2.py
/home/nadeem/nana_project/nana_ws/install/nana_core/lib/python3.12/site-packages/nana_core/apriltag_chanon.py
/home/nadeem/nana_project/nana_ws/install/nana_core/lib/python3.12/site-packages/nana_core/driverpm_node.py
/home/nadeem/nana_project/nana_ws/install/nana_core/lib/python3.12/site-packages/nana_core/plot_chanon.py
/home/nadeem/nana_project/nana_ws/install/nana_core/lib/python3.12/site-packages/nana_core/apriltag_detector_sub.py
/home/nadeem/nana_project/nana_ws/install/nana_core/lib/python3.12/site-packages/nana_core/apriltag_detector_sub2.py
/home/nadeem/nana_project/nana_ws/install/nana_core/lib/python3.12/site-packages/nana_core/Orchestrator_node3.py
/home/nadeem/nana_project/nana_ws/install/nana_core/lib/python3.12/site-packages/nana_core/Orchestrator_node.py
/home/nadeem/nana_project/nana_ws/install/nana_core/lib/python3.12/site-packages/nana_core/test.py
/home/nadeem/nana_project/nana_ws/install/nana_core/lib/python3.12/site-packages/nana_core/__pycache__/__init__.cpython-312.pyc
/home/nadeem/nana_project/nana_ws/install/nana_core/lib/python3.12/site-packages/nana_core/__pycache__/armrpm_node.cpython-312.pyc
/home/nadeem/nana_project/nana_ws/install/nana_core/lib/python3.12/site-packages/nana_core/__pycache__/mahorpm_node.cpython-312.pyc
/home/nadeem/nana_project/nana_ws/install/nana_core/lib/python3.12/site-packages/nana_core/__pycache__/Orchestrator_node2.cpython-312.pyc
/home/nadeem/nana_project/nana_ws/install/nana_core/lib/python3.12/site-packages/nana_core/__pycache__/griprpm_node.cpython-312.pyc
/home/nadeem/nana_project/nana_ws/install/nana_core/lib/python3.12/site-packages/nana_core/__pycache__/joystick_node.cpython-312.pyc
/home/nadeem/nana_project/nana_ws/install/nana_core/lib/python3.12/site-packages/nana_core/__pycache__/apriltag_cameraPI_pub.cpython-312.pyc
/home/nadeem/nana_project/nana_ws/install/nana_core/lib/python3.12/site-packages/nana_core/__pycache__/plot_cameraPI_pub.cpython-312.pyc
/home/nadeem/nana_project/nana_ws/install/nana_core/lib/python3.12/site-packages/nana_core/__pycache__/plot_detector_sub.cpython-312.pyc
/home/nadeem/nana_project/nana_ws/install/nana_core/lib/python3.12/site-packages/nana_core/__pycache__/apriltag_cameraPI_pub2.cpython-312.pyc
/home/nadeem/nana_project/nana_ws/install/nana_core/lib/python3.12/site-packages/nana_core/__pycache__/apriltag_chanon.cpython-312.pyc
/home/nadeem/nana_project/nana_ws/install/nana_core/lib/python3.12/site-packages/nana_core/__pycache__/driverpm_node.cpython-312.pyc
/home/nadeem/nana_project/nana_ws/install/nana_core/lib/python3.12/site-packages/nana_core/__pycache__/plot_chanon.cpython-312.pyc
/home/nadeem/nana_project/nana_ws/install/nana_core/lib/python3.12/site-packages/nana_core/__pycache__/apriltag_detector_sub.cpython-312.pyc
/home/nadeem/nana_project/nana_ws/install/nana_core/lib/python3.12/site-packages/nana_core/__pycache__/apriltag_detector_sub2.cpython-312.pyc
/home/nadeem/nana_project/nana_ws/install/nana_core/lib/python3.12/site-packages/nana_core/__pycache__/Orchestrator_node3.cpython-312.pyc
/home/nadeem/nana_project/nana_ws/install/nana_core/lib/python3.12/site-packages/nana_core/__pycache__/Orchestrator_node.cpython-312.pyc
/home/nadeem/nana_project/nana_ws/install/nana_core/lib/python3.12/site-packages/nana_core/__pycache__/test.cpython-312.pyc
/home/nadeem/nana_project/nana_ws/install/nana_core/share/ament_index/resource_index/packages/nana_core
/home/nadeem/nana_project/nana_ws/install/nana_core/share/nana_core/package.xml
/home/nadeem/nana_project/nana_ws/install/nana_core/share/nana_core/launch/ joysticklaunch.launch.py
/home/nadeem/nana_project/nana_ws/install/nana_core/lib/python3.12/site-packages/nana_core-0.0.0-py3.12.egg-info/dependency_links.txt
/home/nadeem/nana_project/nana_ws/install/nana_core/lib/python3.12/site-packages/nana_core-0.0.0-py3.12.egg-info/entry_points.txt
/home/nadeem/nana_project/nana_ws/install/nana_core/lib/python3.12/site-packages/nana_core-0.0.0-py3.12.egg-info/requires.txt
/home/nadeem/nana_project/nana_ws/install/nana_core/lib/python3.12/site-packages/nana_core-0.0.0-py3.12.egg-info/SOURCES.txt
/home/nadeem/nana_project/nana_ws/install/nana_core/lib/python3.12/site-packages/nana_core-0.0.0-py3.12.egg-info/top_level.txt
/home/nadeem/nana_project/nana_ws/install/nana_core/lib/python3.12/site-packages/nana_core-0.0.0-py3.12.egg-info/PKG-INFO
/home/nadeem/nana_project/nana_ws/install/nana_core/lib/python3.12/site-packages/nana_core-0.0.0-py3.12.egg-info/zip-safe
/home/nadeem/nana_project/nana_ws/install/nana_core/lib/nana_core/Orchestrator_node
/home/nadeem/nana_project/nana_ws/install/nana_core/lib/nana_core/Orchestrator_node2
/home/nadeem/nana_project/nana_ws/install/nana_core/lib/nana_core/apriltag_cameraPI_pub
/home/nadeem/nana_project/nana_ws/install/nana_core/lib/nana_core/apriltag_cameraPI_pub2
/home/nadeem/nana_project/nana_ws/install/nana_core/lib/nana_core/apriltag_chanon
/home/nadeem/nana_project/nana_ws/install/nana_core/lib/nana_core/apriltag_detector_sub
/home/nadeem/nana_project/nana_ws/install/nana_core/lib/nana_core/apriltag_detector_sub2
/home/nadeem/nana_project/nana_ws/install/nana_core/lib/nana_core/armrpm_node
/home/nadeem/nana_project/nana_ws/install/nana_core/lib/nana_core/driverpm_node
/home/nadeem/nana_project/nana_ws/install/nana_core/lib/nana_core/griprpm_node
/home/nadeem/nana_project/nana_ws/install/nana_core/lib/nana_core/joystick_node
/home/nadeem/nana_project/nana_ws/install/nana_core/lib/nana_core/mahorpm_node
/home/nadeem/nana_project/nana_ws/install/nana_core/lib/nana_core/plot_cameraPI_pub
/home/nadeem/nana_project/nana_ws/install/nana_core/lib/nana_core/plot_chanon
/home/nadeem/nana_project/nana_ws/install/nana_core/lib/nana_core/plot_detector_sub
