[0.660s] Invoking command in '/home/nadeem/nana_project/nana_ws/nana_core': DEBUGINFOD_URLS=https://debuginfod.ubuntu.com PYTHONPATH=/home/nadeem/nana_project/nana_ws/build/nana_core/prefix_override:/usr/lib/python3/dist-packages/colcon_core/task/python/colcon_distutils_commands:/home/nadeem/nana_project/nana_ws/install/nana_core/lib/python3.12/site-packages:${PYTHONPATH} /usr/bin/python3 -W ignore:setup.py install is deprecated -W ignore:easy_install command is deprecated setup.py egg_info --egg-base ../build/nana_core build --build-base /home/nadeem/nana_project/nana_ws/build/nana_core/build install --record /home/nadeem/nana_project/nana_ws/build/nana_core/install.log --single-version-externally-managed install_data
[0.828s] running egg_info
[0.828s] creating ../build/nana_core/nana_core.egg-info
[0.838s] writing ../build/nana_core/nana_core.egg-info/PKG-INFO
[0.838s] writing dependency_links to ../build/nana_core/nana_core.egg-info/dependency_links.txt
[0.838s] writing requirements to ../build/nana_core/nana_core.egg-info/requires.txt
[0.838s] writing top-level names to ../build/nana_core/nana_core.egg-info/top_level.txt
[0.839s] writing manifest file '../build/nana_core/nana_core.egg-info/SOURCES.txt'
[0.860s] reading manifest file '../build/nana_core/nana_core.egg-info/SOURCES.txt'
[0.861s] writing manifest file '../build/nana_core/nana_core.egg-info/SOURCES.txt'
[0.861s] running build
[0.861s] running build_py
[0.861s] creating /home/nadeem/nana_project/nana_ws/build/nana_core/build
[0.861s] creating /home/nadeem/nana_project/nana_ws/build/nana_core/build/lib
[0.861s] creating /home/nadeem/nana_project/nana_ws/build/nana_core/build/lib/nana_core
[0.861s] copying nana_core/__init__.py -> /home/nadeem/nana_project/nana_ws/build/nana_core/build/lib/nana_core
[0.861s] running install
[0.865s] running install_lib
[0.875s] creating /home/nadeem/nana_project/nana_ws/install/nana_core/lib/python3.12/site-packages/nana_core
[0.875s] copying /home/nadeem/nana_project/nana_ws/build/nana_core/build/lib/nana_core/__init__.py -> /home/nadeem/nana_project/nana_ws/install/nana_core/lib/python3.12/site-packages/nana_core
[0.875s] byte-compiling /home/nadeem/nana_project/nana_ws/install/nana_core/lib/python3.12/site-packages/nana_core/__init__.py to __init__.cpython-312.pyc
[0.875s] running install_data
[0.876s] creating /home/nadeem/nana_project/nana_ws/install/nana_core/share/ament_index
[0.876s] creating /home/nadeem/nana_project/nana_ws/install/nana_core/share/ament_index/resource_index
[0.876s] creating /home/nadeem/nana_project/nana_ws/install/nana_core/share/ament_index/resource_index/packages
[0.876s] copying resource/nana_core -> /home/nadeem/nana_project/nana_ws/install/nana_core/share/ament_index/resource_index/packages
[0.876s] copying package.xml -> /home/nadeem/nana_project/nana_ws/install/nana_core/share/nana_core
[0.876s] running install_egg_info
[0.888s] Copying ../build/nana_core/nana_core.egg-info to /home/nadeem/nana_project/nana_ws/install/nana_core/lib/python3.12/site-packages/nana_core-0.0.0-py3.12.egg-info
[0.889s] running install_scripts
[0.967s] writing list of installed files to '/home/nadeem/nana_project/nana_ws/build/nana_core/install.log'
[0.994s] Invoked command in '/home/nadeem/nana_project/nana_ws/nana_core' returned '0': DEBUGINFOD_URLS=https://debuginfod.ubuntu.com PYTHONPATH=/home/nadeem/nana_project/nana_ws/build/nana_core/prefix_override:/usr/lib/python3/dist-packages/colcon_core/task/python/colcon_distutils_commands:/home/nadeem/nana_project/nana_ws/install/nana_core/lib/python3.12/site-packages:${PYTHONPATH} /usr/bin/python3 -W ignore:setup.py install is deprecated -W ignore:easy_install command is deprecated setup.py egg_info --egg-base ../build/nana_core build --build-base /home/nadeem/nana_project/nana_ws/build/nana_core/build install --record /home/nadeem/nana_project/nana_ws/build/nana_core/install.log --single-version-externally-managed install_data
