[1.190s] Invoking command in '/home/nnn/nana_project/nana_ws/src/nana_core': PYTHONPATH=/home/nnn/nana_project/nana_ws/build/nana_core/prefix_override:/usr/lib/python3/dist-packages/colcon_core/task/python/colcon_distutils_commands:/home/nnn/nana_project/nana_ws/install/nana_core/lib/python3.12/site-packages:${PYTHONPATH} /usr/bin/python3 -W ignore:setup.py install is deprecated -W ignore:easy_install command is deprecated setup.py egg_info --egg-base ../../build/nana_core build --build-base /home/nnn/nana_project/nana_ws/build/nana_core/build install --record /home/nnn/nana_project/nana_ws/build/nana_core/install.log --single-version-externally-managed install_data
[1.554s] running egg_info
[1.579s] writing ../../build/nana_core/nana_core.egg-info/PKG-INFO
[1.579s] writing dependency_links to ../../build/nana_core/nana_core.egg-info/dependency_links.txt
[1.582s] writing entry points to ../../build/nana_core/nana_core.egg-info/entry_points.txt
[1.583s] writing requirements to ../../build/nana_core/nana_core.egg-info/requires.txt
[1.583s] writing top-level names to ../../build/nana_core/nana_core.egg-info/top_level.txt
[1.638s] reading manifest file '../../build/nana_core/nana_core.egg-info/SOURCES.txt'
[1.640s] writing manifest file '../../build/nana_core/nana_core.egg-info/SOURCES.txt'
[1.640s] running build
[1.640s] running build_py
[1.641s] running install
[1.650s] running install_lib
[1.677s] running install_data
[1.677s] running install_egg_info
[1.704s] removing '/home/nnn/nana_project/nana_ws/install/nana_core/lib/python3.12/site-packages/nana_core-0.0.0-py3.12.egg-info' (and everything under it)
[1.705s] Copying ../../build/nana_core/nana_core.egg-info to /home/nnn/nana_project/nana_ws/install/nana_core/lib/python3.12/site-packages/nana_core-0.0.0-py3.12.egg-info
[1.706s] running install_scripts
[1.888s] Installing Orchestrator_node script to /home/nnn/nana_project/nana_ws/install/nana_core/lib/nana_core
[1.888s] Installing apriltag_cameraPI_pub script to /home/nnn/nana_project/nana_ws/install/nana_core/lib/nana_core
[1.889s] Installing apriltag_chanon script to /home/nnn/nana_project/nana_ws/install/nana_core/lib/nana_core
[1.891s] Installing apriltag_detector_sub script to /home/nnn/nana_project/nana_ws/install/nana_core/lib/nana_core
[1.892s] Installing armrpm_node script to /home/nnn/nana_project/nana_ws/install/nana_core/lib/nana_core
[1.892s] Installing driverpm_node script to /home/nnn/nana_project/nana_ws/install/nana_core/lib/nana_core
[1.892s] Installing griprpm_node script to /home/nnn/nana_project/nana_ws/install/nana_core/lib/nana_core
[1.893s] Installing joystick_node script to /home/nnn/nana_project/nana_ws/install/nana_core/lib/nana_core
[1.894s] Installing mahorpm_node script to /home/nnn/nana_project/nana_ws/install/nana_core/lib/nana_core
[1.897s] Installing plot_cameraPI_pub script to /home/nnn/nana_project/nana_ws/install/nana_core/lib/nana_core
[1.897s] Installing plot_chanon script to /home/nnn/nana_project/nana_ws/install/nana_core/lib/nana_core
[1.902s] Installing plot_detector_sub script to /home/nnn/nana_project/nana_ws/install/nana_core/lib/nana_core
[1.902s] writing list of installed files to '/home/nnn/nana_project/nana_ws/build/nana_core/install.log'
[1.979s] Invoked command in '/home/nnn/nana_project/nana_ws/src/nana_core' returned '0': PYTHONPATH=/home/nnn/nana_project/nana_ws/build/nana_core/prefix_override:/usr/lib/python3/dist-packages/colcon_core/task/python/colcon_distutils_commands:/home/nnn/nana_project/nana_ws/install/nana_core/lib/python3.12/site-packages:${PYTHONPATH} /usr/bin/python3 -W ignore:setup.py install is deprecated -W ignore:easy_install command is deprecated setup.py egg_info --egg-base ../../build/nana_core build --build-base /home/nnn/nana_project/nana_ws/build/nana_core/build install --record /home/nnn/nana_project/nana_ws/build/nana_core/install.log --single-version-externally-managed install_data
