[0.502s] Invoking command in '/home/nadeem/nana_project/nana_ws/build/nana_core': DEBUGINFOD_URLS=https://debuginfod.ubuntu.com PS1=\[\e]0;\u@\h: \w\a\]${debian_chroot:+($debian_chroot)}\[\033[01;32m\]\u@\h\[\033[00m\]:\[\033[01;34m\]\w\[\033[00m\]\$ PYTHONPATH=/home/nadeem/nana_project/nana_ws/build/nana_core/prefix_override:/usr/lib/python3/dist-packages/colcon_core/task/python/colcon_distutils_commands:/home/nadeem/nana_project/nana_ws/install/nana_core/lib/python3.12/site-packages:${PYTHONPATH} /usr/bin/python3 -W ignore:setup.py install is deprecated -W ignore:easy_install command is deprecated setup.py develop --editable --build-directory /home/nadeem/nana_project/nana_ws/build/nana_core/build --no-deps symlink_data
[0.700s] running develop
[0.794s] running egg_info
[0.794s] creating nana_core.egg-info
[0.805s] writing nana_core.egg-info/PKG-INFO
[0.805s] writing dependency_links to nana_core.egg-info/dependency_links.txt
[0.805s] writing entry points to nana_core.egg-info/entry_points.txt
[0.805s] writing requirements to nana_core.egg-info/requires.txt
[0.805s] writing top-level names to nana_core.egg-info/top_level.txt
[0.805s] writing manifest file 'nana_core.egg-info/SOURCES.txt'
[0.824s] reading manifest file 'nana_core.egg-info/SOURCES.txt'
[0.824s] writing manifest file 'nana_core.egg-info/SOURCES.txt'
[0.834s] running build_ext
[0.834s] Creating /home/nadeem/nana_project/nana_ws/install/nana_core/lib/python3.12/site-packages/nana-core.egg-link (link to .)
[0.835s] Installing apriltag_chanon script to /home/nadeem/nana_project/nana_ws/install/nana_core/lib/nana_core
[0.835s] Installing armrpm_node script to /home/nadeem/nana_project/nana_ws/install/nana_core/lib/nana_core
[0.835s] Installing driverpm_node script to /home/nadeem/nana_project/nana_ws/install/nana_core/lib/nana_core
[0.835s] Installing griprpm_node script to /home/nadeem/nana_project/nana_ws/install/nana_core/lib/nana_core
[0.835s] Installing joystick_node script to /home/nadeem/nana_project/nana_ws/install/nana_core/lib/nana_core
[0.835s] Installing mahorpm_node script to /home/nadeem/nana_project/nana_ws/install/nana_core/lib/nana_core
[0.835s] 
[0.835s] Installed /home/nadeem/nana_project/nana_ws/build/nana_core
[0.835s] running symlink_data
[0.835s] creating /home/nadeem/nana_project/nana_ws/install/nana_core/share/ament_index
[0.835s] creating /home/nadeem/nana_project/nana_ws/install/nana_core/share/ament_index/resource_index
[0.835s] creating /home/nadeem/nana_project/nana_ws/install/nana_core/share/ament_index/resource_index/packages
[0.835s] symbolically linking /home/nadeem/nana_project/nana_ws/build/nana_core/resource/nana_core -> /home/nadeem/nana_project/nana_ws/install/nana_core/share/ament_index/resource_index/packages
[0.835s] symbolically linking /home/nadeem/nana_project/nana_ws/build/nana_core/package.xml -> /home/nadeem/nana_project/nana_ws/install/nana_core/share/nana_core
[0.836s] creating /home/nadeem/nana_project/nana_ws/install/nana_core/share/nana_core/launch
[0.836s] symbolically linking /home/nadeem/nana_project/nana_ws/build/nana_core/launch/ joysticklaunch.launch.py -> /home/nadeem/nana_project/nana_ws/install/nana_core/share/nana_core/launch
[0.858s] Invoked command in '/home/nadeem/nana_project/nana_ws/build/nana_core' returned '0': DEBUGINFOD_URLS=https://debuginfod.ubuntu.com PS1=\[\e]0;\u@\h: \w\a\]${debian_chroot:+($debian_chroot)}\[\033[01;32m\]\u@\h\[\033[00m\]:\[\033[01;34m\]\w\[\033[00m\]\$ PYTHONPATH=/home/nadeem/nana_project/nana_ws/build/nana_core/prefix_override:/usr/lib/python3/dist-packages/colcon_core/task/python/colcon_distutils_commands:/home/nadeem/nana_project/nana_ws/install/nana_core/lib/python3.12/site-packages:${PYTHONPATH} /usr/bin/python3 -W ignore:setup.py install is deprecated -W ignore:easy_install command is deprecated setup.py develop --editable --build-directory /home/nadeem/nana_project/nana_ws/build/nana_core/build --no-deps symlink_data
