[1.659s] Invoking command in '/home/nnn/nana_project/nana_ws/src/nana_core': PYTHONPATH=/home/nnn/nana_project/nana_ws/build/nana_core/prefix_override:/usr/lib/python3/dist-packages/colcon_core/task/python/colcon_distutils_commands:/home/nnn/nana_project/nana_ws/install/nana_core/lib/python3.12/site-packages:${PYTHONPATH} /usr/bin/python3 -W ignore:setup.py install is deprecated -W ignore:easy_install command is deprecated setup.py egg_info --egg-base ../../build/nana_core build --build-base /home/nnn/nana_project/nana_ws/build/nana_core/build install --record /home/nnn/nana_project/nana_ws/build/nana_core/install.log --single-version-externally-managed install_data
[2.021s] running egg_info
[2.047s] writing ../../build/nana_core/nana_core.egg-info/PKG-INFO
[2.047s] writing dependency_links to ../../build/nana_core/nana_core.egg-info/dependency_links.txt
[2.051s] writing entry points to ../../build/nana_core/nana_core.egg-info/entry_points.txt
[2.053s] writing requirements to ../../build/nana_core/nana_core.egg-info/requires.txt
[2.053s] writing top-level names to ../../build/nana_core/nana_core.egg-info/top_level.txt
[2.108s] reading manifest file '../../build/nana_core/nana_core.egg-info/SOURCES.txt'
[2.109s] writing manifest file '../../build/nana_core/nana_core.egg-info/SOURCES.txt'
[2.109s] running build
[2.109s] running build_py
[2.110s] copying nana_core/plot_cameraPI_pub.py -> /home/nnn/nana_project/nana_ws/build/nana_core/build/lib/nana_core
[2.110s] copying nana_core/plot_detector_sub.py -> /home/nnn/nana_project/nana_ws/build/nana_core/build/lib/nana_core
[2.111s] running install
[2.120s] running install_lib
[2.146s] copying /home/nnn/nana_project/nana_ws/build/nana_core/build/lib/nana_core/plot_cameraPI_pub.py -> /home/nnn/nana_project/nana_ws/install/nana_core/lib/python3.12/site-packages/nana_core
[2.146s] copying /home/nnn/nana_project/nana_ws/build/nana_core/build/lib/nana_core/plot_detector_sub.py -> /home/nnn/nana_project/nana_ws/install/nana_core/lib/python3.12/site-packages/nana_core
[2.147s] byte-compiling /home/nnn/nana_project/nana_ws/install/nana_core/lib/python3.12/site-packages/nana_core/plot_cameraPI_pub.py to plot_cameraPI_pub.cpython-312.pyc
[2.149s] byte-compiling /home/nnn/nana_project/nana_ws/install/nana_core/lib/python3.12/site-packages/nana_core/plot_detector_sub.py to plot_detector_sub.cpython-312.pyc
[2.151s] running install_data
[2.152s] running install_egg_info
[2.179s] removing '/home/nnn/nana_project/nana_ws/install/nana_core/lib/python3.12/site-packages/nana_core-0.0.0-py3.12.egg-info' (and everything under it)
[2.180s] Copying ../../build/nana_core/nana_core.egg-info to /home/nnn/nana_project/nana_ws/install/nana_core/lib/python3.12/site-packages/nana_core-0.0.0-py3.12.egg-info
[2.181s] running install_scripts
[2.366s] Installing Orchestrator_node script to /home/nnn/nana_project/nana_ws/install/nana_core/lib/nana_core
[2.366s] Installing apriltag_chanon script to /home/nnn/nana_project/nana_ws/install/nana_core/lib/nana_core
[2.369s] Installing armrpm_node script to /home/nnn/nana_project/nana_ws/install/nana_core/lib/nana_core
[2.370s] Installing driverpm_node script to /home/nnn/nana_project/nana_ws/install/nana_core/lib/nana_core
[2.371s] Installing griprpm_node script to /home/nnn/nana_project/nana_ws/install/nana_core/lib/nana_core
[2.372s] Installing joystick_node script to /home/nnn/nana_project/nana_ws/install/nana_core/lib/nana_core
[2.372s] Installing mahorpm_node script to /home/nnn/nana_project/nana_ws/install/nana_core/lib/nana_core
[2.373s] Installing plot_chanon script to /home/nnn/nana_project/nana_ws/install/nana_core/lib/nana_core
[2.374s] writing list of installed files to '/home/nnn/nana_project/nana_ws/build/nana_core/install.log'
[2.450s] Invoked command in '/home/nnn/nana_project/nana_ws/src/nana_core' returned '0': PYTHONPATH=/home/nnn/nana_project/nana_ws/build/nana_core/prefix_override:/usr/lib/python3/dist-packages/colcon_core/task/python/colcon_distutils_commands:/home/nnn/nana_project/nana_ws/install/nana_core/lib/python3.12/site-packages:${PYTHONPATH} /usr/bin/python3 -W ignore:setup.py install is deprecated -W ignore:easy_install command is deprecated setup.py egg_info --egg-base ../../build/nana_core build --build-base /home/nnn/nana_project/nana_ws/build/nana_core/build install --record /home/nnn/nana_project/nana_ws/build/nana_core/install.log --single-version-externally-managed install_data
