[1.203s] Invoking command in '/home/nnn/nana_project/nana_ws/src/nana_core': PYTHONPATH=/home/nnn/nana_project/nana_ws/build/nana_core/prefix_override:/usr/lib/python3/dist-packages/colcon_core/task/python/colcon_distutils_commands:/home/nnn/nana_project/nana_ws/install/nana_core/lib/python3.12/site-packages:${PYTHONPATH} /usr/bin/python3 -W ignore:setup.py install is deprecated -W ignore:easy_install command is deprecated setup.py egg_info --egg-base ../../build/nana_core build --build-base /home/nnn/nana_project/nana_ws/build/nana_core/build install --record /home/nnn/nana_project/nana_ws/build/nana_core/install.log --single-version-externally-managed install_data
[1.564s] running egg_info
[1.589s] writing ../../build/nana_core/nana_core.egg-info/PKG-INFO
[1.590s] writing dependency_links to ../../build/nana_core/nana_core.egg-info/dependency_links.txt
[1.596s] writing entry points to ../../build/nana_core/nana_core.egg-info/entry_points.txt
[1.596s] writing requirements to ../../build/nana_core/nana_core.egg-info/requires.txt
[1.597s] writing top-level names to ../../build/nana_core/nana_core.egg-info/top_level.txt
[1.653s] reading manifest file '../../build/nana_core/nana_core.egg-info/SOURCES.txt'
[1.654s] writing manifest file '../../build/nana_core/nana_core.egg-info/SOURCES.txt'
[1.654s] running build
[1.654s] running build_py
[1.655s] copying nana_core/apriltag_cameraPI_pub.py -> /home/nnn/nana_project/nana_ws/build/nana_core/build/lib/nana_core
[1.655s] running install
[1.664s] running install_lib
[1.690s] copying /home/nnn/nana_project/nana_ws/build/nana_core/build/lib/nana_core/apriltag_cameraPI_pub.py -> /home/nnn/nana_project/nana_ws/install/nana_core/lib/python3.12/site-packages/nana_core
[1.691s] byte-compiling /home/nnn/nana_project/nana_ws/install/nana_core/lib/python3.12/site-packages/nana_core/apriltag_cameraPI_pub.py to apriltag_cameraPI_pub.cpython-312.pyc
[1.692s] running install_data
[1.693s] running install_egg_info
[1.720s] removing '/home/nnn/nana_project/nana_ws/install/nana_core/lib/python3.12/site-packages/nana_core-0.0.0-py3.12.egg-info' (and everything under it)
[1.721s] Copying ../../build/nana_core/nana_core.egg-info to /home/nnn/nana_project/nana_ws/install/nana_core/lib/python3.12/site-packages/nana_core-0.0.0-py3.12.egg-info
[1.724s] running install_scripts
[1.905s] Installing Orchestrator_node script to /home/nnn/nana_project/nana_ws/install/nana_core/lib/nana_core
[1.905s] Installing apriltag_cameraPI_pub script to /home/nnn/nana_project/nana_ws/install/nana_core/lib/nana_core
[1.909s] Installing apriltag_chanon script to /home/nnn/nana_project/nana_ws/install/nana_core/lib/nana_core
[1.910s] Installing apriltag_detector_sub script to /home/nnn/nana_project/nana_ws/install/nana_core/lib/nana_core
[1.911s] Installing armrpm_node script to /home/nnn/nana_project/nana_ws/install/nana_core/lib/nana_core
[1.911s] Installing driverpm_node script to /home/nnn/nana_project/nana_ws/install/nana_core/lib/nana_core
[1.912s] Installing griprpm_node script to /home/nnn/nana_project/nana_ws/install/nana_core/lib/nana_core
[1.913s] Installing joystick_node script to /home/nnn/nana_project/nana_ws/install/nana_core/lib/nana_core
[1.916s] Installing mahorpm_node script to /home/nnn/nana_project/nana_ws/install/nana_core/lib/nana_core
[1.917s] Installing plot_cameraPI_pub script to /home/nnn/nana_project/nana_ws/install/nana_core/lib/nana_core
[1.918s] Installing plot_chanon script to /home/nnn/nana_project/nana_ws/install/nana_core/lib/nana_core
[1.919s] Installing plot_detector_sub script to /home/nnn/nana_project/nana_ws/install/nana_core/lib/nana_core
[1.920s] writing list of installed files to '/home/nnn/nana_project/nana_ws/build/nana_core/install.log'
[1.999s] Invoked command in '/home/nnn/nana_project/nana_ws/src/nana_core' returned '0': PYTHONPATH=/home/nnn/nana_project/nana_ws/build/nana_core/prefix_override:/usr/lib/python3/dist-packages/colcon_core/task/python/colcon_distutils_commands:/home/nnn/nana_project/nana_ws/install/nana_core/lib/python3.12/site-packages:${PYTHONPATH} /usr/bin/python3 -W ignore:setup.py install is deprecated -W ignore:easy_install command is deprecated setup.py egg_info --egg-base ../../build/nana_core build --build-base /home/nnn/nana_project/nana_ws/build/nana_core/build install --record /home/nnn/nana_project/nana_ws/build/nana_core/install.log --single-version-externally-managed install_data
